Case #1: 1 0
Case #2: 1 0
Case #3: 1 1
Case #4: 0 0
Case #5: 500 499
Case #6: 250000 249999
Case #7: 3906 3905
Case #8: 0 0
Case #9: 0 0
Case #10: 0 0
Case #11: 0 0
Case #12: 0 0
Case #13: 0 0
Case #14: 0 0
Case #15: 2 1
Case #16: 1 1
Case #17: 0 0
Case #18: 250000 249999
Case #19: 0 0
Case #20: 0 0
Case #21: 0 0
Case #22: 1 0
Case #23: 0 0
Case #24: 0 0
Case #25: 1 0
Case #26: 1 0
Case #27: 0 0
Case #28: 0 0
Case #29: 1 0
Case #30: 0 0
Case #31: 499999 499999
Case #32: 0 0
Case #33: 1 1
Case #34: 0 0
Case #35: 0 0
Case #36: 125000 124999
Case #37: 0 0
Case #38: 1 1
Case #39: 1 1
Case #40: 1 0
Case #41: 1 1
Case #42: 1 0
Case #43: 0 0
Case #44: 3 2
Case #45: 1 1
Case #46: 1 0
Case #47: 0 0
Case #48: 0 0
Case #49: 3905 3905
Case #50: 0 0
Case #51: 0 0
Case #52: 1 0
Case #53: 3 2
Case #54: 1 0
Case #55: 500000 499999
Case #56: 0 0
Case #57: 3906 3905
Case #58: 7812 7811
Case #59: 0 0
Case #60: 0 0
Case #61: 0 0
Case #62: 0 0
Case #63: 1 0
Case #64: 0 0
Case #65: 1 0
Case #66: 1 1
Case #67: 1 0
Case #68: 0 0
Case #69: 0 0
Case #70: 1 0
Case #71: 0 0
Case #72: 0 0
Case #73: 1 1
Case #74: 0 0
Case #75: 0 0
Case #76: 0 0
Case #77: 1 0
Case #78: 0 0
Case #79: 0 0
Case #80: 1 0
Case #81: 249999 249999
Case #82: 7812 7811
Case #83: 0 0
Case #84: 1953 1952
Case #85: 0 0
Case #86: 2 2
Case #87: 1 0
Case #88: 0 0
Case #89: 0 0
Case #90: 0 0
Case #91: 1 0
Case #92: 3 2
Case #93: 0 0
Case #94: 1 1
Case #95: 1 0
Case #96: 0 0
Case #97: 0 0
Case #98: 1 1
Case #99: 1 0
Case #100: 0 0
