Case #1: 1 0
Case #2: 1 0
Case #3: 1 1
Case #4: 0 0
Case #5: 500 499
Case #6: 0 0
Case #7: 0 0
Case #8: 1 0
Case #9: 1 1
Case #10: 1 1
Case #11: 0 0
Case #12: 0 0
Case #13: 1 1
Case #14: 1953 1952
Case #15: 0 0
Case #16: 0 0
Case #17: 0 0
Case #18: 250000 249999
Case #19: 2 1
Case #20: 1 0
Case #21: 0 0
Case #22: 3 2
Case #23: 1 0
Case #24: 0 0
Case #25: 1 0
Case #26: 1 0
Case #27: 0 0
Case #28: 1 0
Case #29: 0 0
Case #30: 1 0
Case #31: 0 0
Case #32: 1 0
Case #33: 1 1
Case #34: 3906 3905
Case #35: 0 0
Case #36: 0 0
Case #37: 249999 249999
Case #38: 0 0
Case #39: 1 1
Case #40: 0 0
Case #41: 0 0
Case #42: 0 0
Case #43: 0 0
Case #44: 0 0
Case #45: 7812 7811
Case #46: 3905 3905
Case #47: 0 0
Case #48: 0 0
Case #49: 1 0
Case #50: 7812 7811
Case #51: 0 0
Case #52: 1 1
Case #53: 0 0
Case #54: 0 0
Case #55: 0 0
Case #56: 1 1
Case #57: 0 0
Case #58: 0 0
Case #59: 1 1
Case #60: 0 0
Case #61: 0 0
Case #62: 1 0
Case #63: 1 0
Case #64: 0 0
Case #65: 0 0
Case #66: 1 0
Case #67: 3 2
Case #68: 3 2
Case #69: 0 0
Case #70: 0 0
Case #71: 1 1
Case #72: 0 0
Case #73: 0 0
Case #74: 0 0
Case #75: 3906 3905
Case #76: 125000 124999
Case #77: 0 0
Case #78: 0 0
Case #79: 0 0
Case #80: 0 0
Case #81: 1 1
Case #82: 250000 249999
Case #83: 1 0
Case #84: 1 0
Case #85: 1 0
Case #86: 0 0
Case #87: 0 0
Case #88: 0 0
Case #89: 1 0
Case #90: 0 0
Case #91: 1 0
Case #92: 0 0
Case #93: 2 2
Case #94: 499999 499999
Case #95: 0 0
Case #96: 1 0
Case #97: 1 0
Case #98: 0 0
Case #99: 500000 499999
Case #100: 0 0
