Case #1: 1 0
Case #2: 1 0
Case #3: 1 1
Case #4: 0 0
Case #5: 500 499
Case #6: 2 2
Case #7: 3 3
Case #8: 0 0
Case #9: 3 3
Case #10: 1 0
Case #11: 0 0
Case #12: 0 0
Case #13: 1 1
Case #14: 1 0
Case #15: 1 0
Case #16: 0 0
Case #17: 0 0
Case #18: 0 0
Case #19: 3 3
Case #20: 0 0
Case #21: 1 0
Case #22: 0 0
Case #23: 1 0
Case #24: 1 0
Case #25: 1 0
Case #26: 1 1
Case #27: 0 0
Case #28: 0 0
Case #29: 1 0
Case #30: 1 0
Case #31: 0 0
Case #32: 1 1
Case #33: 1 0
Case #34: 0 0
Case #35: 0 0
Case #36: 0 0
Case #37: 0 0
Case #38: 2 1
Case #39: 125 124
Case #40: 1 0
Case #41: 0 0
Case #42: 1 0
Case #43: 3 3
Case #44: 1 0
Case #45: 3 2
Case #46: 0 0
Case #47: 0 0
Case #48: 0 0
Case #49: 3 2
Case #50: 0 0
Case #51: 0 0
Case #52: 1 0
Case #53: 0 0
Case #54: 0 0
Case #55: 0 0
Case #56: 250 249
Case #57: 0 0
Case #58: 499 499
Case #59: 1 1
Case #60: 0 0
Case #61: 249 249
Case #62: 0 0
Case #63: 0 0
Case #64: 0 0
Case #65: 0 0
Case #66: 1 0
Case #67: 0 0
Case #68: 0 0
Case #69: 0 0
Case #70: 0 0
Case #71: 0 0
Case #72: 1 0
Case #73: 0 0
Case #74: 7 6
Case #75: 1 1
Case #76: 0 0
Case #77: 3 2
Case #78: 3 2
Case #79: 1 1
Case #80: 250 249
Case #81: 1 1
Case #82: 0 0
Case #83: 0 0
Case #84: 7 6
Case #85: 0 0
Case #86: 0 0
Case #87: 0 0
Case #88: 0 0
Case #89: 1 0
Case #90: 0 0
Case #91: 0 0
Case #92: 1 0
Case #93: 0 0
Case #94: 1 0
Case #95: 0 0
Case #96: 1 1
Case #97: 1 1
Case #98: 0 0
Case #99: 0 0
Case #100: 1 1
