Case #1: 2
Case #2: 1
Case #3: IMPOSSIBLE
Case #4: 1 2
Case #5: 3 5
Case #6: 4 7
Case #7: 97 832972005025 1665944009953 2498916014881 3331888019809 4164860024737 4997832029665 5830804034593 6663776039521 7496748044449 8329720049377 9162692054305 9995664059233 10828636064161 11661608069089 12494580074017 13327552078945 14160524083873 14993496088801 15826468093729 16659440098657 17492412103585 18325384108513 19158356113441 19991328118369 20824300123297 21657272128225 22490244133153 23323216138081 24156188143009 24989160147937 25822132152865 26655104157793 27488076162721 28321048167649 29154020172577 29986992177505 30819964182433 31652936187361 32485908192289 33318880197217 34151852202145 34984824207073 35817796212001 36650768216929 37483740221857 38316712226785 39149684231713 39982656236641
Case #8: 1
Case #9: 42 130691273 261382504 392073735 522764966 653456197 784147428 914838659 1045529890 1176221121 1306912352 1437603583 1568294814 1698986045 1829677276 1960368507 2091059738 2221750969 2352442200 2483133431 2613824662
Case #10: 1 2 3 4 5 6 7 8 9 10 11 12 13 14 15 16 17 18 19 20 21 22 23 24 25 26 27 28 29 30 31 32 33 34 35 36 37 38 39 40 41 42 43 44 45 46 47 48 49 50 51 52 53 54 55 56 57 58 59 60 61 62 63 64 65 66 67 68 69 70 71 72 73 74 75 76 77 78 79 80 81 82 83 84 85 86 87 88 89 90 91 92 93 94 95 96 97 98 99 100
Case #11: IMPOSSIBLE
Case #12: 1
Case #13: IMPOSSIBLE
Case #14: IMPOSSIBLE
Case #15: IMPOSSIBLE
Case #16: IMPOSSIBLE
Case #17: 1
Case #18: 1
Case #19: IMPOSSIBLE
Case #20: IMPOSSIBLE
Case #21: 1
Case #22: 25 49 73 97 121 145 169 193 217 241 265 289 313
Case #23: 2
Case #24: 2
Case #25: IMPOSSIBLE
Case #26: 97 8587340353 17174680609 25762020865 34349361121 42936701377 51524041633 60111381889 68698722145 77286062401 85873402657 94460742913 103048083169 111635423425 120222763681 128810103937 137397444193 145984784449 154572124705 163159464961 171746805217 180334145473 188921485729 197508825985 206096166241 214683506497 223270846753 231858187009 240445527265 249032867521 257620207777 266207548033 274794888289 283382228545 291969568801 300556909057 309144249313 317731589569 326318929825 334906270081 343493610337 352080950593 360668290849 369255631105 377842971361 386430311617 395017651873 403604992129 412192332385
Case #27: IMPOSSIBLE
Case #28: 2
Case #29: 55 166429 332803 499177 665551 831925 998299 1164673 1331047 1497421 1663795 1830169 1996543 2162917 2329291 2495665 2662039 2828413 2994787 3161161 3327535 3493909 3660283 3826657 3993031 4159405 4325779 4492153
Case #30: 60 3659 7258 10857 14456 18055 21654 25253 28852 32451 36050 39649 43248 46847 50446 54045 57644 61243 64842 68441 72040 75639 79238 82837 86436 90035 93634 97233 100832 104431
Case #31: IMPOSSIBLE
Case #32: 3 5
Case #33: 2
Case #34: IMPOSSIBLE
Case #35: IMPOSSIBLE
Case #36: 80 6479 12878 19277 25676 32075 38474 44873 51272 57671 64070 70469 76868 83267 89666 96065 102464 108863 115262 121661 128060 134459 140858 147257 153656 160055 166454 172853 179252 185651 192050 198449 204848 211247 217646 224045 230444 236843 243242 249641
Case #37: 1
Case #38: 1
Case #39: IMPOSSIBLE
Case #40: IMPOSSIBLE
Case #41: 2
Case #42: 1
Case #43: 1
Case #44: 1
Case #45: IMPOSSIBLE
Case #46: IMPOSSIBLE
Case #47: 1 2 3 4
Case #48: IMPOSSIBLE
Case #49: 1
Case #50: IMPOSSIBLE
Case #51: IMPOSSIBLE
Case #52: IMPOSSIBLE
Case #53: IMPOSSIBLE
Case #54: IMPOSSIBLE
Case #55: IMPOSSIBLE
Case #56: IMPOSSIBLE
Case #57: IMPOSSIBLE
Case #58: IMPOSSIBLE
Case #59: 100 199 298 397 496 595 694 793 892 991 1090 1189 1288 1387 1486 1585 1684 1783 1882 1981 2080 2179 2278 2377 2476 2575 2674 2773 2872 2971 3070 3169 3268 3367 3466 3565 3664 3763 3862 3961 4060 4159 4258 4357 4456 4555 4654 4753 4852 4951
Case #60: 14 11112006825558029 22224013651116044 33336020476674059 44448027302232074 55560034127790089 66672040953348104
Case #61: IMPOSSIBLE
Case #62: IMPOSSIBLE
Case #63: 29 420707233300229 841414466600429 1262121699900629 1682828933200829 2103536166501029 2524243399801229 2944950633101429 3365657866401629 3786365099701829 4207072333002029 4627779566302229 5048486799602429 5469194032902629 5889901266202829
Case #64: IMPOSSIBLE
Case #65: IMPOSSIBLE
Case #66: 7 1977326749 3954653491 5931980233
Case #67: IMPOSSIBLE
Case #68: IMPOSSIBLE
Case #69: 1
Case #70: 1 2 3 4 5 6 7 8 9 10 11 12 13 14 15 16 17 18 19 20 21 22 23 24 25 26 27 28 29 30 31 32 33 34 35 36 37 38 39 40 41 42 43 44 45 46 47 48 49 50 51 52 53 54 55 56 57 58 59 60 61 62 63 64 65 66 67 68 69 70 71 72 73 74 75 76 77 78 79 80 81
Case #71: IMPOSSIBLE
Case #72: 32 1125899906842655 2251799813685278 3377699720527901 4503599627370524 5629499534213147 6755399441055770 7881299347898393 9007199254741016 10133099161583639 11258999068426262 12384898975268885 13510798882111508 14636698788954131 15762598695796754 16888498602639377
Case #73: 30 27029 54028 81027 108026 135025 162024 189023 216022 243021 270020 297019 324018 351017 378016
Case #74: 1
Case #75: 36 2821109907491 5642219814946 8463329722401 11284439629856 14105549537311 16926659444766 19747769352221 22568879259676 25389989167131 28211099074586 31032208982041 33853318889496 36674428796951 39495538704406 42316648611861 45137758519316 47958868426771
Case #76: 1 2 3 4 5 6 7 8 9 10 11 12 13 14 15 16 17 18 19 20 21 22 23 24 25 26 27 28
Case #77: IMPOSSIBLE
Case #78: IMPOSSIBLE
Case #79: 37 94931877169 189863754301 284795631433 379727508565 474659385697 569591262829 664523139961 759455017093 854386894225 949318771357 1044250648489 1139182525621 1234114402753 1329046279885 1423978157017 1518910034149 1613841911281 1708773788413
Case #80: IMPOSSIBLE
Case #81: IMPOSSIBLE
Case #82: IMPOSSIBLE
Case #83: IMPOSSIBLE
Case #84: 1 2 3
Case #85: IMPOSSIBLE
Case #86: IMPOSSIBLE
Case #87: 10 100000000009 200000000008 300000000007 400000000006
Case #88: IMPOSSIBLE
Case #89: IMPOSSIBLE
Case #90: 4 19
Case #91: IMPOSSIBLE
Case #92: 8 35184372088839 70368744177670 105553116266501
Case #93: IMPOSSIBLE
Case #94: 1
Case #95: 65 1160290689 2320581313 3480871937 4641162561 5801453185 6961743809 8122034433 9282325057 10442615681 11602906305 12763196929 13923487553 15083778177 16244068801 17404359425 18564650049 19724940673 20885231297 22045521921 23205812545 24366103169 25526393793 26686684417 27846975041 29007265665 30167556289 31327846913 32488137537 33648428161 34808718785 35969009409 37129300033
Case #96: IMPOSSIBLE
Case #97: IMPOSSIBLE
Case #98: IMPOSSIBLE
Case #99: IMPOSSIBLE
Case #100: IMPOSSIBLE
