Case #1: 2
Case #2: 1
Case #3: 1 2
Case #4: 3 5
Case #5: 100 10000000000000099 20000000000000098 30000000000000097 40000000000000096 50000000000000095 60000000000000094 70000000000000093 80000000000000092 90000000000000091 100000000000000090 110000000000000089 120000000000000088 130000000000000087 140000000000000086 150000000000000085 160000000000000084 170000000000000083 180000000000000082 190000000000000081 200000000000000080 210000000000000079 220000000000000078 230000000000000077 240000000000000076 250000000000000075 260000000000000074 270000000000000073 280000000000000072 290000000000000071 300000000000000070 310000000000000069 320000000000000068 330000000000000067 340000000000000066 350000000000000065 360000000000000064 370000000000000063 380000000000000062 390000000000000061 400000000000000060 410000000000000059 420000000000000058 430000000000000057 440000000000000056 450000000000000055 460000000000000054 470000000000000053 480000000000000052 490000000000000051
Case #6: 1 2 3 4 5 6 7 8 9 10 11 12 13 14 15 16 17 18 19 20 21 22 23 24 25 26 27 28 29 30 31 32 33 34 35 36 37 38 39 40 41 42 43 44 45 46 47 48 49 50 51 52 53 54 55 56 57 58 59 60 61 62 63 64 65 66 67 68 69 70 71 72 73 74 75 76 77 78
Case #7: 2
Case #8: 2
Case #9: 6 2176782341 4353564676
Case #10: 81 531521 1062961 1594401 2125841 2657281 3188721 3720161 4251601 4783041 5314481 5845921 6377361 6908801 7440241 7971681 8503121 9034561 9566001 10097441 10628881 11160321 11691761 12223201 12754641 13286081 13817521 14348961 14880401 15411841 15943281 16474721 17006161 17537601 18069041 18600481 19131921 19663361 20194801 20726241 21257681
Case #11: 81 43046801 86093521 129140241 172186961 215233681 258280401 301327121 344373841 387420561 430467281 473514001 516560721 559607441 602654161 645700881 688747601 731794321 774841041 817887761 860934481 903981201 947027921 990074641 1033121361 1076168081 1119214801 1162261521 1205308241 1248354961 1291401681 1334448401 1377495121 1420541841 1463588561 1506635281 1549682001 1592728721 1635775441 1678822161 1721868881
Case #12: 100 1000000000099 2000000000098 3000000000097 4000000000096 5000000000095 6000000000094 7000000000093 8000000000092 9000000000091 10000000000090 11000000000089 12000000000088 13000000000087 14000000000086 15000000000085 16000000000084 17000000000083 18000000000082 19000000000081 20000000000080 21000000000079 22000000000078 23000000000077 24000000000076 25000000000075 26000000000074 27000000000073 28000000000072 29000000000071 30000000000070 31000000000069 32000000000068 33000000000067 34000000000066 35000000000065 36000000000064 37000000000063 38000000000062 39000000000061 40000000000060 41000000000059 42000000000058 43000000000057 44000000000056 45000000000055 46000000000054 47000000000053 48000000000052 49000000000051
Case #13: 1 2 3
Case #14: 27 7625597485013 15251194969999 22876792454985 30502389939971 38127987424957 45753584909943 53379182394929 61004779879915 68630377364901 76255974849887 83881572334873 91507169819859 99132767304845
Case #15: 68 98867482691 197734965314 296602447937 395469930560 494337413183 593204895806 692072378429 790939861052 889807343675 988674826298 1087542308921 1186409791544 1285277274167 1384144756790 1483012239413 1581879722036 1680747204659 1779614687282 1878482169905 1977349652528 2076217135151 2175084617774 2273952100397 2372819583020 2471687065643 2570554548266 2669422030889 2768289513512 2867156996135 2966024478758 3064891961381 3163759444004 3262626926627
Case #16: 7 5764807 11529607 17294407
Case #17: 14 1475789069 2951578124 4427367179 5903156234 7378945289 8854734344
Case #18: 40 262144000000039 524288000000038 786432000000037 1048576000000036 1310720000000035 1572864000000034 1835008000000033 2097152000000032 2359296000000031 2621440000000030 2883584000000029 3145728000000028 3407872000000027 3670016000000026 3932160000000025 4194304000000024 4456448000000023 4718592000000022 4980736000000021
Case #19: 36 1679651 3359266 5038881 6718496 8398111 10077726 11757341 13436956 15116571 16796186 18475801 20155416 21835031 23514646 25194261 26873876 28553491
Case #20: 46 2161 4276 6391 8506 10621 12736 14851 16966 19081 21196 23311 25426 27541 29656 31771 33886 36001 38116 40231 42346 44461 46576
Case #21: 100 199 298 397 496 595 694 793 892 991 1090 1189 1288 1387 1486 1585 1684 1783 1882 1981 2080 2179 2278 2377 2476 2575 2674 2773 2872 2971 3070 3169 3268 3367 3466 3565 3664 3763 3862 3961 4060 4159 4258 4357 4456 4555 4654 4753 4852 4951
Case #22: 13 23298085122493 46596170244973 69894255367453 93192340489933 116490425612413 139788510734893
Case #23: 90 65610089 131220088 196830087 262440086 328050085 393660084 459270083 524880082 590490081 656100080 721710079 787320078 852930077 918540076 984150075 1049760074 1115370073 1180980072 1246590071 1312200070 1377810069 1443420068 1509030067 1574640066 1640250065 1705860064 1771470063 1837080062 1902690061 1968300060 2033910059 2099520058 2165130057 2230740056 2296350055 2361960054 2427570053 2493180052 2558790051 2624400050 2690010049 2755620048 2821230047 2886840046
Case #24: 53 3299763591802185 6599527183604317 9899290775406449 13199054367208581 16498817959010713 19798581550812845 23098345142614977 26398108734417109 29697872326219241 32997635918021373 36297399509823505 39597163101625637 42896926693427769 46196690285229901 49496453877032033 52796217468834165 56095981060636297 59395744652438429 62695508244240561 65995271836042693 69295035427844825 72594799019646957 75894562611449089 79194326203251221 82494089795053353 85793853386855485
Case #25: 10 100000000000000009 200000000000000008 300000000000000007 400000000000000006
Case #26: 19 16983563059 33967126099 50950689139 67934252179 84917815219 101901378259 118884941299 135868504339 152852067379
Case #27: 4 17179869187
Case #28: 36 101559956668451 203119913336866 304679870005281 406239826673696 507799783342111 609359740010526 710919696678941 812479653347356 914039610015771 1015599566684186 1117159523352601 1218719480021016 1320279436689431 1421839393357846 1523399350026261 1624959306694676 1726519263363091
Case #29: 35 64339296909 128678593783 193017890657 257357187531 321696484405 386035781279 450375078153 514714375027 579053671901 643392968775 707732265649 772071562523 836410859397 900750156271 965089453145 1029428750019 1093768046893
Case #30: 1
Case #31: 28 481890331 963780634 1445670937 1927561240 2409451543 2891341846 3373232149 3855122452 4337012755 4818903058 5300793361 5782683664 6264573967
Case #32: 14 2757 5500 8243 10986 13729 16472
Case #33: 74 5549 11024 16499 21974 27449 32924 38399 43874 49349 54824 60299 65774 71249 76724 82199 87674 93149 98624 104099 109574 115049 120524 125999 131474 136949 142424 147899 153374 158849 164324 169799 175274 180749 186224 191699 197174
Case #34: 19 47045899 94091779 141137659 188183539 235229419 282275299 329321179 376367059 423412939
Case #35: 10 10009 20008 30007 40006
Case #36: 80 20971520000079 41943040000078 62914560000077 83886080000076 104857600000075 125829120000074 146800640000073 167772160000072 188743680000071 209715200000070 230686720000069 251658240000068 272629760000067 293601280000066 314572800000065 335544320000064 356515840000063 377487360000062 398458880000061 419430400000060 440401920000059 461373440000058 482344960000057 503316480000056 524288000000055 545259520000054 566231040000053 587202560000052 608174080000051 629145600000050 650117120000049 671088640000048 692060160000047 713031680000046 734003200000045 754974720000044 775946240000043 796917760000042 817889280000041
Case #37: 98 195 292 389 486 583 680 777 874 971 1068 1165 1262 1359 1456 1553 1650 1747 1844 1941 2038 2135 2232 2329 2426 2523 2620 2717 2814 2911 3008 3105 3202 3299 3396 3493 3590 3687 3784 3881 3978 4075 4172 4269 4366 4463 4560 4657 4754
Case #38: 13 4826821 9653629 14480437 19307245 24134053 28960861
Case #39: 94 689869781149 1379739562204 2069609343259 2759479124314 3449348905369 4139218686424 4829088467479 5518958248534 6208828029589 6898697810644 7588567591699 8278437372754 8968307153809 9658176934864 10348046715919 11037916496974 11727786278029 12417656059084 13107525840139 13797395621194 14487265402249 15177135183304 15867004964359 16556874745414 17246744526469 17936614307524 18626484088579 19316353869634 20006223650689 20696093431744 21385963212799 22075832993854 22765702774909 23455572555964 24145442337019 24835312118074 25525181899129 26215051680184 26904921461239 27594791242294 28284661023349 28974530804404 29664400585459 30354270366514 31044140147569 31734009928624
Case #40: 4 72057594037927939
Case #41: 73 2073071665 4146143257 6219214849 8292286441 10365358033 12438429625 14511501217 16584572809 18657644401 20730715993 22803787585 24876859177 26949930769 29023002361 31096073953 33169145545 35242217137 37315288729 39388360321 41461431913 43534503505 45607575097 47680646689 49753718281 51826789873 53899861465 55972933057 58046004649 60119076241 62192147833 64265219425 66338291017 68411362609 70484434201 72557505793 74630577385
Case #42: 83 47458403 94916723 142375043 189833363 237291683 284750003 332208323 379666643 427124963 474583283 522041603 569499923 616958243 664416563 711874883 759333203 806791523 854249843 901708163 949166483 996624803 1044083123 1091541443 1138999763 1186458083 1233916403 1281374723 1328833043 1376291363 1423749683 1471208003 1518666323 1566124643 1613582963 1661041283 1708499603 1755957923 1803416243 1850874563 1898332883 1945791203
Case #43: 1
Case #44: 1
Case #45: 48 12230590511 24461180974 36691771437 48922361900 61152952363 73383542826 85614133289 97844723752 110075314215 122305904678 134536495141 146767085604 158997676067 171228266530 183458856993 195689447456 207920037919 220150628382 232381218845 244611809308 256842399771 269072990234 281303580697
Case #46: 4 268435459
Case #47: 91 68575051 137150011 205724971 274299931 342874891 411449851 480024811 548599771 617174731 685749691 754324651 822899611 891474571 960049531 1028624491 1097199451 1165774411 1234349371 1302924331 1371499291 1440074251 1508649211 1577224171 1645799131 1714374091 1782949051 1851524011 1920098971 1988673931 2057248891 2125823851 2194398811 2262973771 2331548731 2400123691 2468698651 2537273611 2605848571 2674423531 2742998491 2811573451 2880148411 2948723371 3017298331 3085873291
Case #48: 5 78129 156253
Case #49: 6 609359740010501 1218719480020996
Case #50: 60 3659 7258 10857 14456 18055 21654 25253 28852 32451 36050 39649 43248 46847 50446 54045 57644 61243 64842 68441 72040 75639 79238 82837 86436 90035 93634 97233 100832 104431
Case #51: 1 2 3 4 5 6 7 8 9 10 11 12 13 14 15 16 17 18 19 20 21 22 23 24 25 26 27 28 29 30 31 32 33 34 35 36 37 38 39 40 41 42 43 44 45 46 47 48 49 50 51 52 53 54 55 56 57 58 59 60 61 62
Case #52: 14 7529549 15059084 22588619 30118154 37647689 45177224
Case #53: 22 26559922791445 53119845582868 79679768374291 106239691165714 132799613957137 159359536748560 185919459539983 212479382331406 239039305122829 265599227914252
Case #54: 57 113 169 225 281 337 393 449 505 561 617 673 729 785 841 897 953 1009 1065 1121 1177 1233 1289 1345 1401 1457 1513 1569 1625
Case #55: 3 29
Case #56: 1
Case #57: 3 11
Case #58: 91 4702525276151611 9405050552303131 14107575828454651 18810101104606171 23512626380757691 28215151656909211 32917676933060731 37620202209212251 42322727485363771 47025252761515291 51727778037666811 56430303313818331 61132828589969851 65835353866121371 70537879142272891 75240404418424411 79942929694575931 84645454970727451 89347980246878971 94050505523030491 98753030799182011 103455556075333531 108158081351485051 112860606627636571 117563131903788091 122265657179939611 126968182456091131 131670707732242651 136373233008394171 141075758284545691 145778283560697211 150480808836848731 155183334113000251 159885859389151771 164588384665303291 169290909941454811 173993435217606331 178695960493757851 183398485769909371 188101011046060891 192803536322212411 197506061598363931 202208586874515451 206911112150666971 211613637426818491
Case #59: 79 157 235 313 391 469 547 625 703 781 859 937 1015 1093 1171 1249 1327 1405 1483 1561 1639 1717 1795 1873 1951 2029 2107 2185 2263 2341 2419 2497 2575 2653 2731 2809 2887 2965 3043 3121
Case #60: 46 97381 194716 292051 389386 486721 584056 681391 778726 876061 973396 1070731 1168066 1265401 1362736 1460071 1557406 1654741 1752076 1849411 1946746 2044081 2141416
Case #61: 27 205891132094675 411782264189323 617673396283971 823564528378619 1029455660473267 1235346792567915 1441237924662563 1647129056757211 1853020188851859 2058911320946507 2264802453041155 2470693585135803 2676584717230451
Case #62: 65 17850689 35701313 53551937 71402561 89253185 107103809 124954433 142805057 160655681 178506305 196356929 214207553 232058177 249908801 267759425 285610049 303460673 321311297 339161921 357012545 374863169 392713793 410564417 428415041 446265665 464116289 481966913 499817537 517668161 535518785 553369409 571220033
Case #63: 1 2 3 4 5 6 7 8 9 10
Case #64: 1
Case #65: 100 1000099 2000098 3000097 4000096 5000095 6000094 7000093 8000092 9000091 10000090 11000089 12000088 13000087 14000086 15000085 16000084 17000083 18000082 19000081 20000080 21000079 22000078 23000077 24000076 25000075 26000074 27000073 28000072 29000071 30000070 31000069 32000068 33000067 34000066 35000065 36000064 37000063 38000062 39000061 40000060 41000059 42000058 43000057 44000056 45000055 46000054 47000053 48000052 49000051
Case #66: 4 67
Case #67: 71 128100283991 256200567911 384300851831 512401135751 640501419671 768601703591 896701987511 1024802271431 1152902555351 1281002839271 1409103123191 1537203407111 1665303691031 1793403974951 1921504258871 2049604542791 2177704826711 2305805110631 2433905394551 2562005678471 2690105962391 2818206246311 2946306530231 3074406814151 3202507098071 3330607381991 3458707665911 3586807949831 3714908233751 3843008517671 3971108801591 4099209085511 4227309369431 4355409653351 4483509937271
Case #68: 6 10077701 20155396
Case #69: 49 5764849 11529649 17294449 23059249 28824049 34588849 40353649 46118449 51883249 57648049 63412849 69177649 74942449 80707249 86472049 92236849 98001649 103766449 109531249 115296049 121060849 126825649 132590449 138355249
Case #70: 2
Case #71: 9 31381059617 62762119225 94143178833 125524238441
Case #72: 1
Case #73: 10 10000000000009 20000000000008 30000000000007 40000000000006
Case #74: 9 6569 13129 19689 26249
Case #75: 2
Case #76: 1 2 3 4 5 6 7 8 9 10 11 12 13 14 15 16 17 18 19 20 21 22 23 24 25 26 27 28 29 30 31 32 33 34 35 36 37
Case #77: 4 7
Case #78: 11 1341 2671 4001 5331 6661
Case #79: 100 10099 20098 30097 40096 50095 60094 70093 80092 90091 100090 110089 120088 130087 140086 150085 160084 170083 180082 190081 200080 210079 220078 230077 240076 250075 260074 270073 280072 290071 300070 310069 320068 330067 340066 350065 360064 370063 380062 390061 400060 410059 420058 430057 440056 450055 460054 470053 480052 490051
Case #80: 1
Case #81: 15 239 463 687 911 1135 1359 1583
Case #82: 98 941289 1882480 2823671 3764862 4706053 5647244 6588435 7529626 8470817 9412008 10353199 11294390 12235581 13176772 14117963 15059154 16000345 16941536 17882727 18823918 19765109 20706300 21647491 22588682 23529873 24471064 25412255 26353446 27294637 28235828 29177019 30118210 31059401 32000592 32941783 33882974 34824165 35765356 36706547 37647738 38588929 39530120 40471311 41412502 42353693 43294884 44236075 45177266
Case #83: 1
Case #84: 93 60170087060849 120340174121605 180510261182361 240680348243117 300850435303873 361020522364629 421190609425385 481360696486141 541530783546897 601700870607653 661870957668409 722041044729165 782211131789921 842381218850677 902551305911433 962721392972189 1022891480032945 1083061567093701 1143231654154457 1203401741215213 1263571828275969 1323741915336725 1383912002397481 1444082089458237 1504252176518993 1564422263579749 1624592350640505 1684762437701261 1744932524762017 1805102611822773 1865272698883529 1925442785944285 1985612873005041 2045782960065797 2105953047126553 2166123134187309 2226293221248065 2286463308308821 2346633395369577 2406803482430333 2466973569491089 2527143656551845 2587313743612601 2647483830673357 2707653917734113 2767824004794869
Case #85: 25 649 1273 1897 2521 3145 3769 4393 5017 5641 6265 6889 7513
Case #86: 1
Case #87: 1 2 3 4
Case #88: 1 2 3 4 5 6 7 8 9 10 11 12 13 14 15 16 17 18 19 20 21 22 23 24 25 26 27 28 29 30 31 32 33 34 35 36 37 38 39 40 41 42 43 44 45 46 47 48 49 50 51 52 53 54 55 56 57 58 59 60 61 62 63 64 65 66 67 68 69 70 71 72 73 74 75 76 77 78 79 80 81 82 83 84 85 86 87 88 89 90 91 92 93 94 95 96 97 98 99 100
Case #89: 62 13537086546263613 27074173092527164 40611259638790715 54148346185054266 67685432731317817 81222519277581368 94759605823844919 108296692370108470 121833778916372021 135370865462635572 148907952008899123 162445038555162674 175982125101426225 189519211647689776 203056298193953327 216593384740216878 230130471286480429 243667557832743980 257204644379007531 270741730925271082 284278817471534633 297815904017798184 311352990564061735 324890077110325286 338427163656588837 351964250202852388 365501336749115939 379038423295379490 392575509841643041 406112596387906592
Case #90: 4 19
Case #91: 92 606355001435 1212710002778 1819065004121 2425420005464 3031775006807 3638130008150 4244485009493 4850840010836 5457195012179 6063550013522 6669905014865 7276260016208 7882615017551 8488970018894 9095325020237 9701680021580 10308035022923 10914390024266 11520745025609 12127100026952 12733455028295 13339810029638 13946165030981 14552520032324 15158875033667 15765230035010 16371585036353 16977940037696 17584295039039 18190650040382 18797005041725 19403360043068 20009715044411 20616070045754 21222425047097 21828780048440 22435135049783 23041490051126 23647845052469 24254200053812 24860555055155 25466910056498 26073265057841 26679620059184 27285975060527
Case #92: 1
Case #93: 2
Case #94: 52 1028071702579 2056143405106 3084215107633 4112286810160 5140358512687 6168430215214 7196501917741 8224573620268 9252645322795 10280717025322 11308788727849 12336860430376 13364932132903 14393003835430 15421075537957 16449147240484 17477218943011 18505290645538 19533362348065 20561434050592 21589505753119 22617577455646 23645649158173 24673720860700 25701792563227
Case #95: 3 4782971
Case #96: 1
Case #97: 8 519 1030 1541
Case #98: 31 923551 1847071 2770591 3694111 4617631 5541151 6464671 7388191 8311711 9235231 10158751 11082271 12005791 12929311 13852831
Case #99: 3 150094635296999123
Case #100: 43 502592611936885 1005185223873727 1507777835810569 2010370447747411 2512963059684253 3015555671621095 3518148283557937 4020740895494779 4523333507431621 5025926119368463 5528518731305305 6031111343242147 6533703955178989 7036296567115831 7538889179052673 8041481790989515 8544074402926357 9046667014863199 9549259626800041 10051852238736883 10554444850673725
