Case #1: 2
Case #2: 1
Case #3: 1 2
Case #4: 3 5
Case #5: 80 20971520000079 41943040000078 62914560000077 83886080000076 104857600000075 125829120000074 146800640000073 167772160000072 188743680000071 209715200000070 230686720000069 251658240000068 272629760000067 293601280000066 314572800000065 335544320000064 356515840000063 377487360000062 398458880000061 419430400000060 440401920000059 461373440000058 482344960000057 503316480000056 524288000000055 545259520000054 566231040000053 587202560000052 608174080000051 629145600000050 650117120000049 671088640000048 692060160000047 713031680000046 734003200000045 754974720000044 775946240000043 796917760000042 817889280000041
Case #6: 6 21936950640377861 43873901280755716
Case #7: 1 2 3 4 5 6 7 8 9 10 11 12 13 14 15 16 17 18 19 20 21 22 23 24 25 26 27 28 29 30 31 32 33 34 35 36 37 38 39 40 41 42 43 44 45 46 47 48 49 50 51 52 53 54 55 56 57 58 59 60 61 62 63 64 65 66 67 68 69 70 71 72 73 74 75 76 77 78 79 80 81
Case #8: 20 4096000000000019 8192000000000018 12288000000000017 16384000000000016 20480000000000015 24576000000000014 28672000000000013 32768000000000012 36864000000000011
Case #9: 1
Case #10: 4 7
Case #11: 12 8916100448267 17832200896522 26748301344777 35664401793032 44580502241287
Case #12: 20 512000000019 1024000000018 1536000000017 2048000000016 2560000000015 3072000000014 3584000000013 4096000000012 4608000000011
Case #13: 63 4031 7999 11967 15935 19903 23871 27839 31807 35775 39743 43711 47679 51647 55615 59583 63551 67519 71487 75455 79423 83391 87359 91327 95295 99263 103231 107199 111167 115135 119103 123071
Case #14: 74 899194740203849 1798389480407624 2697584220611399 3596778960815174 4495973701018949 5395168441222724 6294363181426499 7193557921630274 8092752661834049 8991947402037824 9891142142241599 10790336882445374 11689531622649149 12588726362852924 13487921103056699 14387115843260474 15286310583464249 16185505323668024 17084700063871799 17983894804075574 18883089544279349 19782284284483124 20681479024686899 21580673764890674 22479868505094449 23379063245298224 24278257985501999 25177452725705774 26076647465909549 26975842206113324 27875036946317099 28774231686520874 29673426426724649 30572621166928424 31471815907132199 32371010647335974
Case #15: 95 7737809469 15475618843 23213428217 30951237591 38689046965 46426856339 54164665713 61902475087 69640284461 77378093835 85115903209 92853712583 100591521957 108329331331 116067140705 123804950079 131542759453 139280568827 147018378201 154756187575 162493996949 170231806323 177969615697 185707425071 193445234445 201183043819 208920853193 216658662567 224396471941 232134281315 239872090689 247609900063 255347709437 263085518811 270823328185 278561137559 286298946933 294036756307 301774565681 309512375055 317250184429 324987993803 332725803177 340463612551 348201421925 355939231299 363677040673
Case #16: 51 2651 5251 7851 10451 13051 15651 18251 20851 23451 26051 28651 31251 33851 36451 39051 41651 44251 46851 49451 52051 54651 57251 59851 62451 65051
Case #17: 11 379749833583251 759499667166491 1139249500749731 1518999334332971 1898749167916211
Case #18: 1 2 3 4
Case #19: 94 8929 17764 26599 35434 44269 53104 61939 70774 79609 88444 97279 106114 114949 123784 132619 141454 150289 159124 167959 176794 185629 194464 203299 212134 220969 229804 238639 247474 256309 265144 273979 282814 291649 300484 309319 318154 326989 335824 344659 353494 362329 371164 379999 388834 397669 406504
Case #20: 49 5764849 11529649 17294449 23059249 28824049 34588849 40353649 46118449 51883249 57648049 63412849 69177649 74942449 80707249 86472049 92236849 98001649 103766449 109531249 115296049 121060849 126825649 132590449 138355249
Case #21: 63 992436605 1984873147 2977309689 3969746231 4962182773 5954619315 6947055857 7939492399 8931928941 9924365483 10916802025 11909238567 12901675109 13894111651 14886548193 15878984735 16871421277 17863857819 18856294361 19848730903 20841167445 21833603987 22826040529 23818477071 24810913613 25803350155 26795786697 27788223239 28780659781 29773096323 30765532865
Case #22: 1 2 3 4 5 6 7 8 9 10 11 12 13 14 15 16 17 18 19 20 21 22 23 24 25 26 27 28 29 30 31 32 33 34 35 36 37
Case #23: 1 2 3 4 5 6 7 8 9 10 11 12 13 14 15 16 17 18 19 20 21 22 23 24 25 26 27 28 29 30 31 32 33 34 35 36 37 38 39 40 41 42 43 44 45 46 47 48 49 50 51 52 53 54 55 56
Case #24: 6 2821109907461 5642219814916
Case #25: 100 1000099 2000098 3000097 4000096 5000095 6000094 7000093 8000092 9000091 10000090 11000089 12000088 13000087 14000086 15000085 16000084 17000083 18000082 19000081 20000080 21000079 22000078 23000077 24000076 25000075 26000074 27000073 28000072 29000071 30000070 31000069 32000068 33000067 34000066 35000065 36000064 37000063 38000062 39000061 40000060 41000059 42000058 43000057 44000056 45000055 46000054 47000053 48000052 49000051
Case #26: 47 4879727 9759407 14639087 19518767 24398447 29278127 34157807 39037487 43917167 48796847 53676527 58556207 63435887 68315567 73195247 78074927 82954607 87834287 92713967 97593647 102473327 107353007 112232687
Case #27: 94 64847759419357 129695518838620 194543278257883 259391037677146 324238797096409 389086556515672 453934315934935 518782075354198 583629834773461 648477594192724 713325353611987 778173113031250 843020872450513 907868631869776 972716391289039 1037564150708302 1102411910127565 1167259669546828 1232107428966091 1296955188385354 1361802947804617 1426650707223880 1491498466643143 1556346226062406 1621193985481669 1686041744900932 1750889504320195 1815737263739458 1880585023158721 1945432782577984 2010280541997247 2075128301416510 2139976060835773 2204823820255036 2269671579674299 2334519339093562 2399367098512825 2464214857932088 2529062617351351 2593910376770614 2658758136189877 2723605895609140 2788453655028403 2853301414447666 2918149173866929 2982996933286192
Case #28: 1
Case #29: 4 19
Case #30: 28 13492928539 26985857050 40478785561 53971714072 67464642583 80957571094 94450499605 107943428116 121436356627 134929285138 148422213649 161915142160 175408070671
Case #31: 20 25600000019 51200000018 76800000017 102400000016 128000000015 153600000014 179200000013 204800000012 230400000011
Case #32: 1
Case #33: 17 118587876513 237175753009 355763629505 474351506001 592939382497 711527258993 830115135489 948703011985
Case #34: 3 11
Case #35: 2
Case #36: 80 3276800079 6553600078 9830400077 13107200076 16384000075 19660800074 22937600073 26214400072 29491200071 32768000070 36044800069 39321600068 42598400067 45875200066 49152000065 52428800064 55705600063 58982400062 62259200061 65536000060 68812800059 72089600058 75366400057 78643200056 81920000055 85196800054 88473600053 91750400052 95027200051 98304000050 101580800049 104857600048 108134400047 111411200046 114688000045 117964800044 121241600043 124518400042 127795200041
Case #37: 68 21381443 42762818 64144193 85525568 106906943 128288318 149669693 171051068 192432443 213813818 235195193 256576568 277957943 299339318 320720693 342102068 363483443 384864818 406246193 427627568 449008943 470390318 491771693 513153068 534534443 555915818 577297193 598678568 620059943 641441318 662822693 684204068 705585443
Case #38: 4 72057594037927939
Case #39: 1 2 3 4 5 6 7 8
Case #40: 68 457163239653443 914326479306818 1371489718960193 1828652958613568 2285816198266943 2742979437920318 3200142677573693 3657305917227068 4114469156880443 4571632396533818 5028795636187193 5485958875840568 5943122115493943 6400285355147318 6857448594800693 7314611834454068 7771775074107443 8228938313760818 8686101553414193 9143264793067568 9600428032720943 10057591272374318 10514754512027693 10971917751681068 11429080991334443 11886244230987818 12343407470641193 12800570710294568 13257733949947943 13714897189601318 14172060429254693 14629223668908068 15086386908561443
Case #41: 10 10009 20008 30007 40006
Case #42: 45 91169 182293 273417 364541 455665 546789 637913 729037 820161 911285 1002409 1093533 1184657 1275781 1366905 1458029 1549153 1640277 1731401 1822525 1913649 2004773
Case #43: 1
Case #44: 1
Case #45: 89 62742329 125484569 188226809 250969049 313711289 376453529 439195769 501938009 564680249 627422489 690164729 752906969 815649209 878391449 941133689 1003875929 1066618169 1129360409 1192102649 1254844889 1317587129 1380329369 1443071609 1505813849 1568556089 1631298329 1694040569 1756782809 1819525049 1882267289 1945009529 2007751769 2070494009 2133236249 2195978489 2258720729 2321462969 2384205209 2446947449 2509689689 2572431929 2635174169 2697916409 2760658649
Case #46: 100 10000000000000099 20000000000000098 30000000000000097 40000000000000096 50000000000000095 60000000000000094 70000000000000093 80000000000000092 90000000000000091 100000000000000090 110000000000000089 120000000000000088 130000000000000087 140000000000000086 150000000000000085 160000000000000084 170000000000000083 180000000000000082 190000000000000081 200000000000000080 210000000000000079 220000000000000078 230000000000000077 240000000000000076 250000000000000075 260000000000000074 270000000000000073 280000000000000072 290000000000000071 300000000000000070 310000000000000069 320000000000000068 330000000000000067 340000000000000066 350000000000000065 360000000000000064 370000000000000063 380000000000000062 390000000000000061 400000000000000060 410000000000000059 420000000000000058 430000000000000057 440000000000000056 450000000000000055 460000000000000054 470000000000000053 480000000000000052 490000000000000051
Case #47: 14 7529549 15059084 22588619 30118154 37647689 45177224
Case #48: 2
Case #49: 29 57 85 113 141 169 197 225 253 281 309 337 365 393 421
Case #50: 5 1953129 3906253
Case #51: 3 150094635296999123
Case #52: 50 15625000049 31250000048 46875000047 62500000046 78125000045 93750000044 109375000043 125000000042 140625000041 156250000040 171875000039 187500000038 203125000037 218750000036 234375000035 250000000034 265625000033 281250000032 296875000031 312500000030 328125000029 343750000028 359375000027 375000000026
Case #53: 1 2 3 4 5 6 7 8 9 10 11 12 13 14 15 16 17 18 19 20 21 22 23 24 25 26 27 28 29 30 31 32 33 34 35 36 37 38 39 40 41 42 43 44 45 46 47 48 49 50 51 52 53 54 55 56 57 58 59 60 61 62 63 64 65 66 67 68
Case #54: 87 658589 1317091 1975593 2634095 3292597 3951099 4609601 5268103 5926605 6585107 7243609 7902111 8560613 9219115 9877617 10536119 11194621 11853123 12511625 13170127 13828629 14487131 15145633 15804135 16462637 17121139 17779641 18438143 19096645 19755147 20413649 21072151 21730653 22389155 23047657 23706159 24364661 25023163 25681665 26340167 26998669 27657171 28315673
Case #55: 27 7625597485013 15251194969999 22876792454985 30502389939971 38127987424957 45753584909943 53379182394929 61004779879915 68630377364901 76255974849887 83881572334873 91507169819859 99132767304845
Case #56: 1 2 3
Case #57: 100 199 298 397 496 595 694 793 892 991 1090 1189 1288 1387 1486 1585 1684 1783 1882 1981 2080 2179 2278 2377 2476 2575 2674 2773 2872 2971 3070 3169 3268 3367 3466 3565 3664 3763 3862 3961 4060 4159 4258 4357 4456 4555 4654 4753 4852 4951
Case #58: 2
Case #59: 43 79549 159055 238561 318067 397573 477079 556585 636091 715597 795103 874609 954115 1033621 1113127 1192633 1272139 1351645 1431151 1510657 1590163 1669669
Case #60: 46 20047612231981 40095224463916 60142836695851 80190448927786 100238061159721 120285673391656 140333285623591 160380897855526 180428510087461 200476122319396 220523734551331 240571346783266 260618959015201 280666571247136 300714183479071 320761795711006 340809407942941 360857020174876 380904632406811 400952244638746 420999856870681 441047469102616
Case #61: 9 17 25 33 41
Case #62: 22 26559922791445 53119845582868 79679768374291 106239691165714 132799613957137 159359536748560 185919459539983 212479382331406 239039305122829 265599227914252
Case #63: 3 387420491
Case #64: 1
Case #65: 97 7837433594377057 15674867188754017 23512300783130977 31349734377507937 39187167971884897 47024601566261857 54862035160638817 62699468755015777 70536902349392737 78374335943769697 86211769538146657 94049203132523617 101886636726900577 109724070321277537 117561503915654497 125398937510031457 133236371104408417 141073804698785377 148911238293162337 156748671887539297 164586105481916257 172423539076293217 180260972670670177 188098406265047137 195935839859424097 203773273453801057 211610707048178017 219448140642554977 227285574236931937 235123007831308897 242960441425685857 250797875020062817 258635308614439777 266472742208816737 274310175803193697 282147609397570657 289985042991947617 297822476586324577 305659910180701537 313497343775078497 321334777369455457 329172210963832417 337009644558209377 344847078152586337 352684511746963297 360521945341340257 368359378935717217 376196812530094177
Case #66: 1
Case #67: 13 1792160394049 3584320788085 5376481182121 7168641576157 8960801970193 10752962364229
Case #68: 19 322687697797 645375395575 968063093353 1290750791131 1613438488909 1936126186687 2258813884465 2581501582243 2904189280021
Case #69: 4 67
Case #70: 1
Case #71: 1 2 3 4 5 6 7 8 9 10 11 12 13 14 15 16 17 18 19 20 21 22 23 24 25 26 27 28 29 30 31 32 33
Case #72: 1 2 3 4 5 6 7 8 9 10 11 12 13 14 15 16 17 18 19 20 21 22 23 24 25 26 27 28 29 30 31 32 33 34 35 36 37 38 39 40 41 42 43 44 45 46 47 48 49 50 51 52 53 54 55 56 57 58 59 60 61 62 63 64 65 66 67 68 69 70 71 72 73 74 75 76 77 78 79 80 81 82 83 84 85 86 87 88 89 90 91 92 93 94 95 96 97 98 99 100
Case #73: 10 100000000000000009 200000000000000008 300000000000000007 400000000000000006
Case #74: 38 3010936421 6021872804 9032809187 12043745570 15054681953 18065618336 21076554719 24087491102 27098427485 30109363868 33120300251 36131236634 39142173017 42153109400 45164045783 48174982166 51185918549 54196854932
Case #75: 92 183 274 365 456 547 638 729 820 911 1002 1093 1184 1275 1366 1457 1548 1639 1730 1821 1912 2003 2094 2185 2276 2367 2458 2549 2640 2731 2822 2913 3004 3095 3186 3277 3368 3459 3550 3641 3732 3823 3914 4005 4096 4187
Case #76: 30 17714700000000029 35429400000000028 53144100000000027 70858800000000026 88573500000000025 106288200000000024 124002900000000023 141717600000000022 159432300000000021 177147000000000020 194861700000000019 212576400000000018 230291100000000017 248005800000000016
Case #77: 65 129 193 257 321 385 449 513 577 641 705 769 833 897 961 1025 1089 1153 1217 1281 1345 1409 1473 1537 1601 1665 1729 1793 1857 1921 1985 2049 2113
Case #78: 38 54909 109780 164651 219522 274393 329264 384135 439006 493877 548748 603619 658490 713361 768232 823103 877974 932845 987716
Case #79: 1
Case #80: 3 5559060566555525
Case #81: 28 8293509467471899 16587018934943770 24880528402415641 33174037869887512 41467547337359383 49761056804831254 58054566272303125 66348075739774996 74641585207246867 82935094674718738 91228604142190609 99522113609662480 107815623077134351
Case #82: 78 6161 12244 18327 24410 30493 36576 42659 48742 54825 60908 66991 73074 79157 85240 91323 97406 103489 109572 115655 121738 127821 133904 139987 146070 152153 158236 164319 170402 176485 182568 188651 194734 200817 206900 212983 219066 225149 231232
Case #83: 49 33232930569649 66465861139249 99698791708849 132931722278449 166164652848049 199397583417649 232630513987249 265863444556849 299096375126449 332329305696049 365562236265649 398795166835249 432028097404849 465261027974449 498493958544049 531726889113649 564959819683249 598192750252849 631425680822449 664658611392049 697891541961649 731124472531249 764357403100849 797590333670449
Case #84: 56 30840979511 61681958966 92522938421 123363917876 154204897331 185045876786 215886856241 246727835696 277568815151 308409794606 339250774061 370091753516 400932732971 431773712426 462614691881 493455671336 524296650791 555137630246 585978609701 616819589156 647660568611 678501548066 709342527521 740183506976 771024486431 801865465886 832706445341
Case #85: 43 6321363091 12642726139 18964089187 25285452235 31606815283 37928178331 44249541379 50570904427 56892267475 63213630523 69534993571 75856356619 82177719667 88499082715 94820445763 101141808811 107463171859 113784534907 120105897955 126427261003 132748624051
Case #86: 51 897410677901 1794821355751 2692232033601 3589642711451 4487053389301 5384464067151 6281874745001 7179285422851 8076696100701 8974106778551 9871517456401 10768928134251 11666338812101 12563749489951 13461160167801 14358570845651 15255981523501 16153392201351 17050802879201 17948213557051 18845624234901 19743034912751 20640445590601 21537856268451 22435266946301
Case #87: 30 810029 1620028 2430027 3240026 4050025 4860024 5670023 6480022 7290021 8100020 8910019 9720018 10530017 11340016
Case #88: 17 2015993900465 4031987800913 6047981701361 8063975601809 10079969502257 12095963402705 14111957303153 16127951203601
Case #89: 45 89 133 177 221 265 309 353 397 441 485 529 573 617 661 705 749 793 837 881 925 969 1013
Case #90: 1 2 3 4 5 6 7 8 9 10 11 12 13 14 15 16 17 18 19 20 21 22 23 24 25 26
Case #91: 95 81450719 162901343 244351967 325802591 407253215 488703839 570154463 651605087 733055711 814506335 895956959 977407583 1058858207 1140308831 1221759455 1303210079 1384660703 1466111327 1547561951 1629012575 1710463199 1791913823 1873364447 1954815071 2036265695 2117716319 2199166943 2280617567 2362068191 2443518815 2524969439 2606420063 2687870687 2769321311 2850771935 2932222559 3013673183 3095123807 3176574431 3258025055 3339475679 3420926303 3502376927 3583827551 3665278175 3746728799 3828179423
Case #92: 1 2 3 4 5 6 7 8 9 10 11 12 13 14 15 16 17 18 19 20 21 22 23 24 25 26 27 28 29 30 31 32 33 34 35 36 37 38 39 40 41 42 43 44 45 46 47 48 49 50 51 52 53 54 55 56 57 58 59 60 61 62 63 64 65 66 67 68 69 70 71 72 73 74 75 76 77 78 79 80 81 82 83 84 85 86 87
Case #93: 100 10099 20098 30097 40096 50095 60094 70093 80092 90091 100090 110089 120088 130087 140086 150085 160084 170083 180082 190081 200080 210079 220078 230077 240076 250075 260074 270073 280072 290071 300070 310069 320068 330067 340066 350065 360064 370063 380062 390061 400060 410059 420058 430057 440056 450055 460054 470053 480052 490051
Case #94: 12 743008370699 1486016741386 2229025112073 2972033482760 3715041853447
Case #95: 1 2 3 4 5 6 7 8 9 10 11 12 13 14 15 16 17 18 19 20
Case #96: 1
Case #97: 52 2779905883635763 5559811767271474 8339717650907185 11119623534542896 13899529418178607 16679435301814318 19459341185450029 22239247069085740 25019152952721451 27799058836357162 30578964719992873 33358870603628584 36138776487264295 38918682370900006 41698588254535717 44478494138171428 47258400021807139 50038305905442850 52818211789078561 55598117672714272 58378023556349983 61157929439985694 63937835323621405 66717741207257116 69497647090892827
Case #98: 2
Case #99: 73 151334226361 302668452649 454002678937 605336905225 756671131513 908005357801 1059339584089 1210673810377 1362008036665 1513342262953 1664676489241 1816010715529 1967344941817 2118679168105 2270013394393 2421347620681 2572681846969 2724016073257 2875350299545 3026684525833 3178018752121 3329352978409 3480687204697 3632021430985 3783355657273 3934689883561 4086024109849 4237358336137 4388692562425 4540026788713 4691361015001 4842695241289 4994029467577 5145363693865 5296697920153 5448032146441
Case #100: 3 29
